11:29:20.506 [main] INFO  testCases.TC_001_AccountRegistrationTest - *****Starting Test Case*********
11:29:21.185 [main] INFO  testCases.TC_001_AccountRegistrationTest - clicked on my account
11:29:22.550 [main] INFO  testCases.TC_001_AccountRegistrationTest - clicked on Register
11:29:22.552 [main] INFO  testCases.TC_001_AccountRegistrationTest - Started enter user details
11:29:27.617 [main] INFO  testCases.TC_001_AccountRegistrationTest - *****Finished Test Case*********
11:52:11.705 [main] INFO  testCases.TC_001_AccountRegistrationTest - *****Starting Test Case*********
11:52:12.507 [main] INFO  testCases.TC_001_AccountRegistrationTest - clicked on my account
11:52:13.187 [main] INFO  testCases.TC_001_AccountRegistrationTest - clicked on Register
11:52:13.195 [main] INFO  testCases.TC_001_AccountRegistrationTest - Started enter user details
11:52:17.070 [main] INFO  testCases.TC_001_AccountRegistrationTest - *****Finished Test Case*********
12:09:21.780 [TestNG-tests-2] INFO  testCases.TC_001_AccountRegistrationTest - *****Starting Test Case*********
12:09:21.780 [TestNG-tests-1] INFO  testCases.TC_001_AccountRegistrationTest - *****Starting Test Case*********
12:09:24.891 [TestNG-tests-2] INFO  testCases.TC_001_AccountRegistrationTest - clicked on my account
12:09:25.380 [TestNG-tests-1] INFO  testCases.TC_001_AccountRegistrationTest - clicked on my account
12:09:29.864 [TestNG-tests-2] INFO  testCases.TC_001_AccountRegistrationTest - clicked on Register
12:09:30.219 [TestNG-tests-1] INFO  testCases.TC_001_AccountRegistrationTest - clicked on Register
12:09:30.302 [TestNG-tests-1] INFO  testCases.TC_001_AccountRegistrationTest - Started enter user details
12:09:30.336 [TestNG-tests-2] INFO  testCases.TC_001_AccountRegistrationTest - Started enter user details
12:09:33.000 [TestNG-tests-3] INFO  testCases.TC_001_AccountRegistrationTest - *****Starting Test Case*********
12:09:33.783 [TestNG-tests-3] INFO  testCases.TC_001_AccountRegistrationTest - clicked on my account
12:09:36.939 [TestNG-tests-3] INFO  testCases.TC_001_AccountRegistrationTest - clicked on Register
12:09:36.977 [TestNG-tests-3] INFO  testCases.TC_001_AccountRegistrationTest - Started enter user details
12:09:40.036 [TestNG-tests-2] INFO  testCases.TC_001_AccountRegistrationTest - *****Finished Test Case*********
12:09:40.036 [TestNG-tests-1] INFO  testCases.TC_001_AccountRegistrationTest - *****Finished Test Case*********
12:09:41.461 [TestNG-tests-3] INFO  testCases.TC_001_AccountRegistrationTest - *****Finished Test Case*********
12:38:23.446 [main] INFO  testCases.TC_001_AccountRegistrationTest - *****Starting Test Case*********
12:38:24.076 [main] INFO  testCases.TC_001_AccountRegistrationTest - clicked on my account
12:38:25.162 [main] INFO  testCases.TC_001_AccountRegistrationTest - clicked on Register
12:38:25.169 [main] INFO  testCases.TC_001_AccountRegistrationTest - Started enter user details
12:38:29.071 [main] INFO  testCases.TC_001_AccountRegistrationTest - *****Finished Test Case*********
13:06:57.294 [main] INFO  testCases.TC_001_AccountRegistrationTest - *****Starting Test Case*********
13:06:58.141 [main] INFO  testCases.TC_001_AccountRegistrationTest - clicked on my account
13:06:58.762 [main] INFO  testCases.TC_001_AccountRegistrationTest - clicked on Register
13:06:58.789 [main] INFO  testCases.TC_001_AccountRegistrationTest - Started enter user details
13:07:02.956 [main] INFO  testCases.TC_001_AccountRegistrationTest - *****Finished Test Case*********
13:08:53.398 [main] INFO  testCases.TC_001_AccountRegistrationTest - *****Starting Test Case*********
13:08:54.078 [main] INFO  testCases.TC_001_AccountRegistrationTest - clicked on my account
13:08:54.450 [main] INFO  testCases.TC_001_AccountRegistrationTest - clicked on Register
13:08:54.452 [main] INFO  testCases.TC_001_AccountRegistrationTest - Started enter user details
12:57:33.673 [main] INFO  testCases.TC_001_AccountRegistrationTest - *****Starting Test Case*********
12:57:33.847 [main] INFO  testCases.TC_001_AccountRegistrationTest - clicked on my account
12:57:34.298 [main] INFO  testCases.TC_001_AccountRegistrationTest - clicked on Register
12:57:34.304 [main] INFO  testCases.TC_001_AccountRegistrationTest - Started enter user details
12:57:38.328 [main] INFO  testCases.TC_001_AccountRegistrationTest - *****Finished Test Case*********
13:00:08.738 [main] INFO  testCases.TC_001_AccountRegistrationTest - *****Starting Test Case*********
13:00:09.324 [main] INFO  testCases.TC_001_AccountRegistrationTest - clicked on my account
13:00:09.791 [main] INFO  testCases.TC_001_AccountRegistrationTest - clicked on Register
13:00:09.795 [main] INFO  testCases.TC_001_AccountRegistrationTest - Started enter user details
13:00:13.907 [main] INFO  testCases.TC_001_AccountRegistrationTest - *****Finished Test Case*********
13:01:56.896 [main] INFO  testCases.TC_001_AccountRegistrationTest - *****Starting Test Case*********
13:01:57.389 [main] INFO  testCases.TC_001_AccountRegistrationTest - clicked on my account
13:01:57.947 [main] INFO  testCases.TC_001_AccountRegistrationTest - clicked on Register
13:01:57.950 [main] INFO  testCases.TC_001_AccountRegistrationTest - Started enter user details
13:02:02.057 [main] INFO  testCases.TC_001_AccountRegistrationTest - *****Finished Test Case*********
13:07:05.400 [main] INFO  testCases.TC_001_AccountRegistrationTest - *****Starting Test Case*********
13:07:05.566 [main] INFO  testCases.TC_001_AccountRegistrationTest - clicked on my account
13:07:06.047 [main] INFO  testCases.TC_001_AccountRegistrationTest - clicked on Register
13:07:06.051 [main] INFO  testCases.TC_001_AccountRegistrationTest - Started enter user details
13:07:10.547 [main] INFO  testCases.TC_001_AccountRegistrationTest - *****Finished Test Case*********
13:10:27.544 [main] INFO  testCases.TC_001_AccountRegistrationTest - *****Starting Test Case*********
13:10:27.700 [main] INFO  testCases.TC_001_AccountRegistrationTest - clicked on my account
13:10:28.105 [main] INFO  testCases.TC_001_AccountRegistrationTest - clicked on Register
13:10:28.111 [main] INFO  testCases.TC_001_AccountRegistrationTest - Started enter user details
13:10:32.460 [main] INFO  testCases.TC_001_AccountRegistrationTest - *****Finished Test Case*********
13:12:35.556 [main] INFO  testCases.TC_001_AccountRegistrationTest - *****Starting Test Case*********
13:12:36.244 [main] INFO  testCases.TC_001_AccountRegistrationTest - clicked on my account
13:12:36.543 [main] INFO  testCases.TC_001_AccountRegistrationTest - clicked on Register
13:12:36.547 [main] INFO  testCases.TC_001_AccountRegistrationTest - Started enter user details
13:12:41.488 [main] INFO  testCases.TC_001_AccountRegistrationTest - *****Finished Test Case*********
13:15:28.092 [main] INFO  testCases.TC_001_AccountRegistrationTest - *****Starting Test Case*********
13:15:28.706 [main] INFO  testCases.TC_001_AccountRegistrationTest - clicked on my account
13:15:29.541 [main] INFO  testCases.TC_001_AccountRegistrationTest - clicked on Register
13:15:29.548 [main] INFO  testCases.TC_001_AccountRegistrationTest - Started enter user details
13:15:32.723 [main] INFO  testCases.TC_001_AccountRegistrationTest - *****Finished Test Case*********
13:17:47.206 [main] INFO  testCases.TC_001_AccountRegistrationTest - *****Starting Test Case*********
13:17:47.696 [main] INFO  testCases.TC_001_AccountRegistrationTest - clicked on my account
13:17:48.377 [main] INFO  testCases.TC_001_AccountRegistrationTest - clicked on Register
13:17:48.381 [main] INFO  testCases.TC_001_AccountRegistrationTest - Started enter user details
13:17:51.935 [main] INFO  testCases.TC_001_AccountRegistrationTest - *****Finished Test Case*********
13:17:54.943 [main] INFO  testCases.TC_002_Logintest - ****Starting Test Case*****
13:17:56.592 [main] INFO  testCases.TC_002_Logintest - ***Finished Test Case*******
13:19:10.778 [main] INFO  testCases.TC_001_AccountRegistrationTest - *****Starting Test Case*********
13:19:11.013 [main] INFO  testCases.TC_001_AccountRegistrationTest - clicked on my account
13:19:11.385 [main] INFO  testCases.TC_001_AccountRegistrationTest - clicked on Register
13:19:11.388 [main] INFO  testCases.TC_001_AccountRegistrationTest - Started enter user details
13:19:15.825 [main] INFO  testCases.TC_001_AccountRegistrationTest - *****Finished Test Case*********
13:19:25.446 [main] INFO  testCases.TC_002_Logintest - ****Starting Test Case*****
13:19:28.594 [main] INFO  testCases.TC_002_Logintest - ***Finished Test Case*******
09:17:31.491 [main] INFO  testCases.TC_001_AccountRegistrationTest - *****Starting Test Case*********
09:17:31.612 [main] INFO  testCases.TC_001_AccountRegistrationTest - clicked on my account
09:17:31.862 [main] INFO  testCases.TC_001_AccountRegistrationTest - clicked on Register
09:17:31.864 [main] INFO  testCases.TC_001_AccountRegistrationTest - Started enter user details
09:17:35.548 [main] INFO  testCases.TC_001_AccountRegistrationTest - *****Finished Test Case*********
09:17:41.352 [main] INFO  testCases.TC_002_Logintest - ****Starting Test Case*****
09:17:43.022 [main] INFO  testCases.TC_002_Logintest - ***Finished Test Case*******
09:17:46.997 [main] INFO  testCases.TC_003_LoginDDT - LoginDDT started
09:17:58.227 [main] INFO  testCases.TC_003_LoginDDT - login ddt finished
09:17:58.243 [main] INFO  testCases.TC_003_LoginDDT - LoginDDT started
09:17:58.926 [main] INFO  testCases.TC_003_LoginDDT - login ddt finished
09:17:58.927 [main] INFO  testCases.TC_003_LoginDDT - LoginDDT started
09:18:09.174 [main] INFO  testCases.TC_003_LoginDDT - LoginDDT started
09:18:19.447 [main] INFO  testCases.TC_003_LoginDDT - LoginDDT started
09:19:50.598 [main] INFO  testCases.TC_001_AccountRegistrationTest - *****Starting Test Case*********
09:19:50.917 [main] INFO  testCases.TC_001_AccountRegistrationTest - clicked on my account
09:19:51.376 [main] INFO  testCases.TC_001_AccountRegistrationTest - clicked on Register
09:19:51.378 [main] INFO  testCases.TC_001_AccountRegistrationTest - Started enter user details
09:19:54.753 [main] INFO  testCases.TC_001_AccountRegistrationTest - *****Finished Test Case*********
09:19:58.052 [main] INFO  testCases.TC_002_Logintest - ****Starting Test Case*****
09:19:59.315 [main] INFO  testCases.TC_002_Logintest - ***Finished Test Case*******
09:20:03.631 [main] INFO  testCases.TC_003_LoginDDT - LoginDDT started
09:20:14.551 [main] INFO  testCases.TC_003_LoginDDT - login ddt finished
09:20:14.565 [main] INFO  testCases.TC_003_LoginDDT - LoginDDT started
09:20:15.428 [main] INFO  testCases.TC_003_LoginDDT - login ddt finished
09:20:15.434 [main] INFO  testCases.TC_003_LoginDDT - LoginDDT started
09:20:26.046 [main] INFO  testCases.TC_003_LoginDDT - login ddt finished
09:20:26.046 [main] INFO  testCases.TC_003_LoginDDT - LoginDDT started
09:20:36.569 [main] INFO  testCases.TC_003_LoginDDT - login ddt finished
09:20:36.585 [main] INFO  testCases.TC_003_LoginDDT - LoginDDT started
09:20:47.179 [main] INFO  testCases.TC_003_LoginDDT - login ddt finished
18:38:38.662 [main] INFO  testCases.TC_001_AccountRegistrationTest - *****Starting Test Case*********
18:38:39.328 [main] INFO  testCases.TC_001_AccountRegistrationTest - clicked on my account
18:38:40.443 [main] INFO  testCases.TC_001_AccountRegistrationTest - clicked on Register
18:38:40.448 [main] INFO  testCases.TC_001_AccountRegistrationTest - Started enter user details
18:38:44.626 [main] INFO  testCases.TC_001_AccountRegistrationTest - *****Finished Test Case*********
18:38:48.138 [main] INFO  testCases.TC_002_Logintest - ****Starting Test Case*****
18:38:50.398 [main] INFO  testCases.TC_002_Logintest - ***Finished Test Case*******
18:39:30.302 [main] INFO  testCases.TC_002_Logintest - ****Starting Test Case*****
18:39:33.140 [main] INFO  testCases.TC_002_Logintest - ***Finished Test Case*******
18:40:14.560 [main] INFO  testCases.TC_001_AccountRegistrationTest - *****Starting Test Case*********
18:40:15.213 [main] INFO  testCases.TC_001_AccountRegistrationTest - clicked on my account
18:40:15.881 [main] INFO  testCases.TC_001_AccountRegistrationTest - clicked on Register
18:40:15.888 [main] INFO  testCases.TC_001_AccountRegistrationTest - Started enter user details
18:40:20.145 [main] INFO  testCases.TC_001_AccountRegistrationTest - *****Finished Test Case*********
19:16:03.053 [main] INFO  testCases.TC_001_AccountRegistrationTest - *****Starting Test Case*********
19:16:04.356 [main] INFO  testCases.TC_001_AccountRegistrationTest - clicked on my account
19:16:23.051 [main] INFO  testCases.TC_001_AccountRegistrationTest - clicked on Register
19:16:23.221 [main] INFO  testCases.TC_001_AccountRegistrationTest - Started enter user details
19:16:28.448 [main] INFO  testCases.TC_001_AccountRegistrationTest - *****Finished Test Case*********
19:16:40.679 [main] INFO  testCases.TC_002_Logintest - ****Starting Test Case*****
19:16:43.300 [main] INFO  testCases.TC_002_Logintest - ***Finished Test Case*******
19:16:52.956 [main] INFO  testCases.TC_003_LoginDDT - LoginDDT started
19:17:05.153 [main] INFO  testCases.TC_003_LoginDDT - login ddt finished
19:17:05.168 [main] INFO  testCases.TC_003_LoginDDT - LoginDDT started
19:17:07.020 [main] INFO  testCases.TC_003_LoginDDT - login ddt finished
19:17:07.028 [main] INFO  testCases.TC_003_LoginDDT - LoginDDT started
19:17:18.465 [main] INFO  testCases.TC_003_LoginDDT - login ddt finished
19:17:18.465 [main] INFO  testCases.TC_003_LoginDDT - LoginDDT started
19:17:29.830 [main] INFO  testCases.TC_003_LoginDDT - login ddt finished
19:17:29.854 [main] INFO  testCases.TC_003_LoginDDT - LoginDDT started
19:17:41.730 [main] INFO  testCases.TC_003_LoginDDT - login ddt finished
19:29:01.037 [main] INFO  testCases.TC_001_AccountRegistrationTest - *****Starting Test Case*********
19:29:01.977 [main] INFO  testCases.TC_001_AccountRegistrationTest - clicked on my account
19:29:06.331 [main] INFO  testCases.TC_001_AccountRegistrationTest - clicked on Register
19:29:06.337 [main] INFO  testCases.TC_001_AccountRegistrationTest - Started enter user details
19:29:11.382 [main] INFO  testCases.TC_001_AccountRegistrationTest - *****Finished Test Case*********
19:29:19.147 [main] INFO  testCases.TC_002_Logintest - ****Starting Test Case*****
19:29:20.995 [main] INFO  testCases.TC_002_Logintest - ***Finished Test Case*******
19:29:27.430 [main] INFO  testCases.TC_003_LoginDDT - LoginDDT started
19:29:39.083 [main] INFO  testCases.TC_003_LoginDDT - login ddt finished
19:29:39.097 [main] INFO  testCases.TC_003_LoginDDT - LoginDDT started
19:29:41.347 [main] INFO  testCases.TC_003_LoginDDT - login ddt finished
19:29:41.353 [main] INFO  testCases.TC_003_LoginDDT - LoginDDT started
19:29:52.752 [main] INFO  testCases.TC_003_LoginDDT - login ddt finished
19:29:52.777 [main] INFO  testCases.TC_003_LoginDDT - LoginDDT started
19:30:04.414 [main] INFO  testCases.TC_003_LoginDDT - login ddt finished
19:30:04.797 [main] INFO  testCases.TC_003_LoginDDT - LoginDDT started
19:30:17.477 [main] INFO  testCases.TC_003_LoginDDT - login ddt finished
